Removed Pin From Net: NetName=D5 Pin=P1-2
Removed Pin From Net: NetName=D5 Pin=R1-1
Removed Pin From Net: NetName=BUZZER Pin=R2-1
Removed Pin From Net: NetName=VIN Pin=U1-VIN
Removed Pin From Net: NetName=NetU1_D8 Pin=U2-Rx
Removed Pin From Net: NetName=NetU1_D7 Pin=U2-Tx
Change Component Comment : Designator=P1 Old Comment=DHT_21 New Comment=DHT_22
Added Component: Designator=BT1(BAT_LI_3V)
Added Component: Designator=C11(CAPC2012N)
Added Component: Designator=C12(CAPC3216N)
Added Component: Designator=C13(CAPC3216N)
Added Component: Designator=D11(SMC)
Added Component: Designator=L1(SMRH74-220MT)
Added Component: Designator=P3(HDR1X6)
Added Component: Designator=R6(RESC2012N)
Added Component: Designator=R7(RESC2012N)
Added Component: Designator=R8(RESC2012N)
Added Component: Designator=R9(RESC2012N)
Added Component: Designator=U3(SOIC16 - DS3231)
Added Component: Designator=U4(SOT23-6)
Added Component: Designator=W1(RESC1608N)
Added Component: Designator=W2(RESC1608N)
Added Component: Designator=W3(RESC1608N)
Added Component: Designator=W4(RESC1608N)
Added Component: Designator=W5(RESC1608N)
Added Component: Designator=W6(RESC1608N)
Added Pin To Net: NetName=GND Pin=BT1-2
Added Pin To Net: NetName=3V3 Pin=C11-1
Added Pin To Net: NetName=GND Pin=C11-2
Added Pin To Net: NetName=GND Pin=C12-1
Added Pin To Net: NetName=GND Pin=C13-1
Added Pin To Net: NetName=VIN Pin=C13-2
Added Pin To Net: NetName=VIN Pin=D11-2
Added Pin To Net: NetName=D4 Pin=P1-2
Added Pin To Net: NetName=D5 Pin=P3-2
Added Pin To Net: NetName=VIN Pin=P3-5
Added Pin To Net: NetName=GND Pin=P3-6
Added Pin To Net: NetName=D4 Pin=R1-1
Added Pin To Net: NetName=SCL Pin=R6-1
Added Pin To Net: NetName=3V3 Pin=R6-2
Added Pin To Net: NetName=SDA Pin=R7-1
Added Pin To Net: NetName=3V3 Pin=R7-2
Added Pin To Net: NetName=GND Pin=R8-1
Added Pin To Net: NetName=VIN Pin=R9-2
Added Pin To Net: NetName=3V3 Pin=U3-2
Added Pin To Net: NetName=GND Pin=U3-5
Added Pin To Net: NetName=GND Pin=U3-6
Added Pin To Net: NetName=GND Pin=U3-7
Added Pin To Net: NetName=GND Pin=U3-8
Added Pin To Net: NetName=GND Pin=U3-9
Added Pin To Net: NetName=GND Pin=U3-10
Added Pin To Net: NetName=GND Pin=U3-11
Added Pin To Net: NetName=GND Pin=U3-12
Added Pin To Net: NetName=GND Pin=U3-13
Added Pin To Net: NetName=SDA Pin=U3-15
Added Pin To Net: NetName=SCL Pin=U3-16
Added Pin To Net: NetName=GND Pin=U4-2
Added Pin To Net: NetName=BUZZER Pin=W1-1
Added Pin To Net: NetName=NetU1_D7 Pin=W2-1
Added Pin To Net: NetName=NetU1_D8 Pin=W3-1
Added Pin To Net: NetName=BUZZER Pin=W4-1
Added Pin To Net: NetName=NetU1_D7 Pin=W5-1
Added Pin To Net: NetName=NetU1_D8 Pin=W6-1
Change Net Name : Old Net Name=BUZZER New Net Name=D6
Change Net Name : Old Net Name=NetU1_D7 New Net Name=D7
Change Net Name : Old Net Name=NetU1_D8 New Net Name=D8
Change Net Name : Old Net Name=VIN New Net Name=+5V
Added Pin To Net: NetName=NetBT1_1 Pin=BT1-1
Added Pin To Net: NetName=NetBT1_1 Pin=U3-14
Added Net: Name=NetBT1_1
Added Pin To Net: NetName=NetD11_1 Pin=D11-1
Added Pin To Net: NetName=NetD11_1 Pin=L1-2
Added Pin To Net: NetName=NetD11_1 Pin=U4-1
Added Net: Name=NetD11_1
Added Pin To Net: NetName=NetP3_1 Pin=P3-1
Added Pin To Net: NetName=NetP3_1 Pin=W3-2
Added Net: Name=NetP3_1
Added Pin To Net: NetName=NetP3_3 Pin=P3-3
Added Pin To Net: NetName=NetP3_3 Pin=W2-2
Added Net: Name=NetP3_3
Added Pin To Net: NetName=NetP3_4 Pin=P3-4
Added Pin To Net: NetName=NetP3_4 Pin=W1-2
Added Net: Name=NetP3_4
Added Pin To Net: NetName=NetR2_1 Pin=R2-1
Added Pin To Net: NetName=NetR2_1 Pin=W4-2
Added Net: Name=NetR2_1
Added Pin To Net: NetName=NetR8_2 Pin=R8-2
Added Pin To Net: NetName=NetR8_2 Pin=R9-1
Added Pin To Net: NetName=NetR8_2 Pin=U4-3
Added Net: Name=NetR8_2
Added Pin To Net: NetName=NetU2_Rx Pin=U2-Rx
Added Pin To Net: NetName=NetU2_Rx Pin=W6-2
Added Net: Name=NetU2_Rx
Added Pin To Net: NetName=NetU2_Tx Pin=U2-Tx
Added Pin To Net: NetName=NetU2_Tx Pin=W5-2
Added Net: Name=NetU2_Tx
Added Pin To Net: NetName=VIN Pin=C12-2
Added Pin To Net: NetName=VIN Pin=L1-1
Added Pin To Net: NetName=VIN Pin=U1-VIN
Added Pin To Net: NetName=VIN Pin=U4-4
Added Pin To Net: NetName=VIN Pin=U4-5
Added Net: Name=VIN
