Added Component: Designator=C1(CAPC2012N)
Added Component: Designator=C2(CAPC2012N)
Added Component: Designator=C3(CAPC2012N)
Added Component: Designator=C4(CAPC2012N)
Added Component: Designator=C5(CAPC2012N)
Added Component: Designator=C6(CAPC2012N)
Added Component: Designator=C7(CAPC2012N)
Added Component: Designator=C8(CAPC2012N)
Added Component: Designator=C9(CAPC2012N)
Added Component: Designator=C10(CAPC2012N)
Added Component: Designator=D1(Neopixel_5050)
Added Component: Designator=D2(Neopixel_5050)
Added Component: Designator=D3(Neopixel_5050)
Added Component: Designator=D4(Neopixel_5050)
Added Component: Designator=D5(Neopixel_5050)
Added Component: Designator=D6(Neopixel_5050)
Added Component: Designator=D7(Neopixel_5050)
Added Component: Designator=D8(Neopixel_5050)
Added Component: Designator=D9(Neopixel_5050)
Added Component: Designator=D10(Neopixel_5050)
Added Component: Designator=LS1(BUZZER)
Added Component: Designator=P1(CON1X3)
Added Component: Designator=P2(HDR1X4)
Added Component: Designator=Q1(SOT23_N)
Added Component: Designator=Q2(SOT-23_N)
Added Component: Designator=R1(RESC2012N)
Added Component: Designator=R2(RESC2012N)
Added Component: Designator=R3(RESC2012N)
Added Component: Designator=R4(RESC2012N)
Added Component: Designator=R5(RESC2012N)
Added Component: Designator=S1(pulsador2)
Added Component: Designator=U1(NodeMCU_ADOX)
Added Component: Designator=U2(MH-Z19C)
Added Pin To Net: NetName=3V3 Pin=P2-3
Added Pin To Net: NetName=3V3 Pin=Q2-1
Added Pin To Net: NetName=3V3 Pin=R4-2
Added Pin To Net: NetName=3V3 Pin=U1-3V3
Added Pin To Net: NetName=3V3 Pin=U1-3V3
Added Pin To Net: NetName=3V3 Pin=U1-3V3
Added Net: Name=3V3
Added Pin To Net: NetName=BUZZER Pin=R2-1
Added Pin To Net: NetName=BUZZER Pin=U1-D6
Added Net: Name=BUZZER
Added Pin To Net: NetName=D3 Pin=Q2-2
Added Pin To Net: NetName=D3 Pin=R4-1
Added Pin To Net: NetName=D3 Pin=U1-D3
Added Net: Name=D3
Added Pin To Net: NetName=D4 Pin=U1-D4
Added Net: Name=D4
Added Pin To Net: NetName=D5 Pin=P1-2
Added Pin To Net: NetName=D5 Pin=R1-1
Added Pin To Net: NetName=D5 Pin=U1-D5
Added Net: Name=D5
Added Pin To Net: NetName=GND Pin=C1-2
Added Pin To Net: NetName=GND Pin=C2-2
Added Pin To Net: NetName=GND Pin=C3-2
Added Pin To Net: NetName=GND Pin=C4-2
Added Pin To Net: NetName=GND Pin=C5-2
Added Pin To Net: NetName=GND Pin=C6-2
Added Pin To Net: NetName=GND Pin=C7-2
Added Pin To Net: NetName=GND Pin=C8-2
Added Pin To Net: NetName=GND Pin=C9-2
Added Pin To Net: NetName=GND Pin=C10-2
Added Pin To Net: NetName=GND Pin=D1-1
Added Pin To Net: NetName=GND Pin=D2-1
Added Pin To Net: NetName=GND Pin=D3-1
Added Pin To Net: NetName=GND Pin=D4-1
Added Pin To Net: NetName=GND Pin=D6-1
Added Pin To Net: NetName=GND Pin=D7-1
Added Pin To Net: NetName=GND Pin=D8-1
Added Pin To Net: NetName=GND Pin=D9-1
Added Pin To Net: NetName=GND Pin=D10-1
Added Pin To Net: NetName=GND Pin=P1-3
Added Pin To Net: NetName=GND Pin=P2-4
Added Pin To Net: NetName=GND Pin=Q1-2
Added Pin To Net: NetName=GND Pin=S1-4
Added Pin To Net: NetName=GND Pin=U1-GND
Added Pin To Net: NetName=GND Pin=U1-GND
Added Pin To Net: NetName=GND Pin=U1-GND
Added Pin To Net: NetName=GND Pin=U1-GND
Added Pin To Net: NetName=GND Pin=U2-GND
Added Net: Name=GND
Added Pin To Net: NetName=NetD1_2 Pin=D1-2
Added Pin To Net: NetName=NetD1_2 Pin=R3-2
Added Net: Name=NetD1_2
Added Pin To Net: NetName=NetD1_4 Pin=D1-4
Added Pin To Net: NetName=NetD1_4 Pin=D2-2
Added Net: Name=NetD1_4
Added Pin To Net: NetName=NetD2_4 Pin=D2-4
Added Pin To Net: NetName=NetD2_4 Pin=D3-2
Added Net: Name=NetD2_4
Added Pin To Net: NetName=NetD3_4 Pin=D3-4
Added Pin To Net: NetName=NetD3_4 Pin=D4-2
Added Net: Name=NetD3_4
Added Pin To Net: NetName=NetD4_4 Pin=D4-4
Added Pin To Net: NetName=NetD4_4 Pin=D5-2
Added Net: Name=NetD4_4
Added Pin To Net: NetName=NetD5_4 Pin=D5-4
Added Pin To Net: NetName=NetD5_4 Pin=D6-2
Added Net: Name=NetD5_4
Added Pin To Net: NetName=NetD6_4 Pin=D6-4
Added Pin To Net: NetName=NetD6_4 Pin=D7-2
Added Net: Name=NetD6_4
Added Pin To Net: NetName=NetD7_4 Pin=D7-4
Added Pin To Net: NetName=NetD7_4 Pin=D8-2
Added Net: Name=NetD7_4
Added Pin To Net: NetName=NetD8_4 Pin=D8-4
Added Pin To Net: NetName=NetD8_4 Pin=D9-2
Added Net: Name=NetD8_4
Added Pin To Net: NetName=NetD9_4 Pin=D9-4
Added Pin To Net: NetName=NetD9_4 Pin=D10-2
Added Net: Name=NetD9_4
Added Pin To Net: NetName=NetLS1_2 Pin=LS1-2
Added Pin To Net: NetName=NetLS1_2 Pin=Q1-3
Added Net: Name=NetLS1_2
Added Pin To Net: NetName=NetQ1_1 Pin=Q1-1
Added Pin To Net: NetName=NetQ1_1 Pin=R2-2
Added Net: Name=NetQ1_1
Added Pin To Net: NetName=NetQ2_3 Pin=Q2-3
Added Pin To Net: NetName=NetQ2_3 Pin=R3-1
Added Pin To Net: NetName=NetQ2_3 Pin=R5-1
Added Net: Name=NetQ2_3
Added Pin To Net: NetName=NetS1_1 Pin=S1-1
Added Pin To Net: NetName=NetS1_1 Pin=U2-HD
Added Net: Name=NetS1_1
Added Pin To Net: NetName=NetU1_D7 Pin=U1-D7
Added Pin To Net: NetName=NetU1_D7 Pin=U2-Tx
Added Net: Name=NetU1_D7
Added Pin To Net: NetName=NetU1_D8 Pin=U1-D8
Added Pin To Net: NetName=NetU1_D8 Pin=U2-Rx
Added Net: Name=NetU1_D8
Added Pin To Net: NetName=SCL Pin=P2-2
Added Pin To Net: NetName=SCL Pin=U1-D1
Added Net: Name=SCL
Added Pin To Net: NetName=SDA Pin=P2-1
Added Pin To Net: NetName=SDA Pin=U1-D2
Added Net: Name=SDA
Added Pin To Net: NetName=VIN Pin=C1-1
Added Pin To Net: NetName=VIN Pin=C2-1
Added Pin To Net: NetName=VIN Pin=C3-1
Added Pin To Net: NetName=VIN Pin=C4-1
Added Pin To Net: NetName=VIN Pin=C5-1
Added Pin To Net: NetName=VIN Pin=C6-1
Added Pin To Net: NetName=VIN Pin=C7-1
Added Pin To Net: NetName=VIN Pin=C8-1
Added Pin To Net: NetName=VIN Pin=C9-1
Added Pin To Net: NetName=VIN Pin=C10-1
Added Pin To Net: NetName=VIN Pin=D1-3
Added Pin To Net: NetName=VIN Pin=D2-3
Added Pin To Net: NetName=VIN Pin=D3-3
Added Pin To Net: NetName=VIN Pin=D4-3
Added Pin To Net: NetName=VIN Pin=D5-3
Added Pin To Net: NetName=VIN Pin=D6-3
Added Pin To Net: NetName=VIN Pin=D7-3
Added Pin To Net: NetName=VIN Pin=D8-3
Added Pin To Net: NetName=VIN Pin=D9-3
Added Pin To Net: NetName=VIN Pin=D10-3
Added Pin To Net: NetName=VIN Pin=LS1-1
Added Pin To Net: NetName=VIN Pin=P1-1
Added Pin To Net: NetName=VIN Pin=R1-2
Added Pin To Net: NetName=VIN Pin=R5-2
Added Pin To Net: NetName=VIN Pin=U1-VIN
Added Pin To Net: NetName=VIN Pin=U2-Vin
Added Net: Name=VIN
