Added Component: Designator=LS1(BUZZER)
Added Component: Designator=P2(HDR1X4)
Added Component: Designator=P3(CON1X2)
Added Component: Designator=Q1(SOT23_N)
Added Component: Designator=Q2(SOT95P280X125-3N)
Added Component: Designator=R1(RESC2012N)
Added Component: Designator=R2(RESC2012N)
Added Component: Designator=R3(RESC2012N)
Added Component: Designator=S1(SW_TL3301FF160QG)
Added Component: Designator=S2(SW_TL3301FF160QG)
Added Component: Designator=S3(SW_TL3301FF160QG)
Added Component: Designator=S4(SW_MINI-SPDT-SW)
Added Component: Designator=W4(RESC1608N)
Added Pin To Net: NetName=+5V Pin=LS1-1
Added Pin To Net: NetName=NetLS1_2 Pin=LS1-2
Added Pin To Net: NetName=SDA Pin=P2-1
Added Pin To Net: NetName=SCL Pin=P2-2
Added Pin To Net: NetName=3V3 Pin=P2-3
Added Pin To Net: NetName=GND Pin=P2-4
Added Pin To Net: NetName=+5V Pin=P3-1
Added Pin To Net: NetName=NetP3_2 Pin=P3-2
Added Pin To Net: NetName=NetQ1_1 Pin=Q1-1
Added Pin To Net: NetName=GND Pin=Q1-2
Added Pin To Net: NetName=NetLS1_2 Pin=Q1-3
Added Pin To Net: NetName=NetQ2_1 Pin=Q2-1
Added Pin To Net: NetName=GND Pin=Q2-2
Added Pin To Net: NetName=NetP3_2 Pin=Q2-3
Added Pin To Net: NetName=SET_MOT Pin=R1-1
Added Pin To Net: NetName=NetQ2_1 Pin=R1-2
Added Pin To Net: NetName=NetR2_1 Pin=R2-1
Added Pin To Net: NetName=NetQ1_1 Pin=R2-2
Added Pin To Net: NetName=GND Pin=R3-1
Added Pin To Net: NetName=NetQ2_1 Pin=R3-2
Added Pin To Net: NetName=BTN_MOT Pin=S1-1
Added Pin To Net: NetName=GND Pin=S1-3
Added Pin To Net: NetName=BTN_+L Pin=S2-1
Added Pin To Net: NetName=GND Pin=S2-3
Added Pin To Net: NetName=BTN_-L Pin=S3-1
Added Pin To Net: NetName=GND Pin=S3-3
Added Pin To Net: NetName=NetP1_1 Pin=S4-2
Added Pin To Net: NetName=+5V Pin=S4-3
Added Pin To Net: NetName=D6 Pin=W4-1
Added Pin To Net: NetName=NetR2_1 Pin=W4-2
Added Member To Class: ClassName=Dispenser Member=Component LS1 Buzzer 3V
Added Member To Class: ClassName=Dispenser Member=Component P2 Oled
Added Member To Class: ClassName=Dispenser Member=Component P3 MOTOR
Added Member To Class: ClassName=Dispenser Member=Component Q1 MMBT3904
Added Member To Class: ClassName=Dispenser Member=Component Q2 AO3402
Added Member To Class: ClassName=Dispenser Member=Component R1 1k
Added Member To Class: ClassName=Dispenser Member=Component R2 1k
Added Member To Class: ClassName=Dispenser Member=Component R3 10k
Added Member To Class: ClassName=Dispenser Member=Component S1 MARCHA
Added Member To Class: ClassName=Dispenser Member=Component S2 SUMAR_LITROS
Added Member To Class: ClassName=Dispenser Member=Component S3 RESTAR_LITROS
Added Member To Class: ClassName=Dispenser Member=Component S4 POWER
Added Member To Class: ClassName=Dispenser Member=Component W4 Jumper
Added Room: Name=Dispenser
