Removed Pin From Net: NetName=GND Pin=BT1-2
Removed Pin From Net: NetName=3V3 Pin=C11-1
Removed Pin From Net: NetName=GND Pin=C11-2
Removed Pin From Net: NetName=GND Pin=C12-1
Removed Pin From Net: NetName=GND Pin=C13-1
Removed Pin From Net: NetName=+5V Pin=C13-2
Removed Pin From Net: NetName=+5V Pin=D11-2
Removed Pin From Net: NetName=+5V Pin=P1-1
Removed Pin From Net: NetName=GND Pin=P1-3
Removed Pin From Net: NetName=+5V Pin=R1-2
Removed Pin From Net: NetName=SCL Pin=R6-1
Removed Pin From Net: NetName=3V3 Pin=R6-2
Removed Pin From Net: NetName=SDA Pin=R7-1
Removed Pin From Net: NetName=3V3 Pin=R7-2
Removed Pin From Net: NetName=GND Pin=R8-1
Removed Pin From Net: NetName=+5V Pin=R9-2
Removed Pin From Net: NetName=3V3 Pin=U3-2
Removed Pin From Net: NetName=GND Pin=U3-5
Removed Pin From Net: NetName=GND Pin=U3-6
Removed Pin From Net: NetName=GND Pin=U3-7
Removed Pin From Net: NetName=GND Pin=U3-8
Removed Pin From Net: NetName=GND Pin=U3-9
Removed Pin From Net: NetName=GND Pin=U3-10
Removed Pin From Net: NetName=GND Pin=U3-11
Removed Pin From Net: NetName=GND Pin=U3-12
Removed Pin From Net: NetName=GND Pin=U3-13
Removed Pin From Net: NetName=SDA Pin=U3-15
Removed Pin From Net: NetName=SCL Pin=U3-16
Removed Pin From Net: NetName=GND Pin=U4-2
Added Component: Designator=P?(CON1X2)
Added Pin To Net: NetName=GND Pin=P?-2
Added Pin To Net: NetName=NetP?_1 Pin=P?-1
Added Pin To Net: NetName=NetP?_1 Pin=U1-VIN
Added Net: Name=NetP?_1
Added Class: Name=Dispenser
Added Room: Name=Dispenser
